MBank/app/build/outputs/logs/manifest-merger-debug-report.txt
-- Merging decision tree log ---
manifest
ADDED from src/main/AndroidManifest.xml:3:1-77:12
	package
		ADDED from src/main/AndroidManifest.xml:5:5-36
		INJECTED from src/main/AndroidManifest.xml
		INJECTED from src/main/AndroidManifest.xml
	android:versionName
		ADDED from src/main/AndroidManifest.xml:7:5-30
		INJECTED from src/main/AndroidManifest.xml
		INJECTED from src/main/AndroidManifest.xml
	android:versionCode
		ADDED from src/main/AndroidManifest.xml:6:5-28
		INJECTED from src/main/AndroidManifest.xml
		INJECTED from src/main/AndroidManifest.xml
	xmlns:android
		ADDED from src/main/AndroidManifest.xml:4:2-60
uses-sdk
ADDED from src/main/AndroidManifest.xml:9:5-43
	android:targetSdkVersion
		INJECTED from src/main/AndroidManifest.xml
		INJECTED from src/main/AndroidManifest.xml
	android:minSdkVersion
		ADDED from src/main/AndroidManifest.xml:9:15-40
		INJECTED from src/main/AndroidManifest.xml
		INJECTED from src/main/AndroidManifest.xml
application
ADDED from src/main/AndroidManifest.xml:11:5-70:19
	android:label
		ADDED from src/main/AndroidManifest.xml:13:6-38
	android:debuggable
		ADDED from src/main/AndroidManifest.xml:16:6-31
	android:icon
		ADDED from src/main/AndroidManifest.xml:12:6-38
	android:theme
		ADDED from src/main/AndroidManifest.xml:14:6-48
	android:name
		ADDED from src/main/AndroidManifest.xml:15:6-60
uses-library#com.google.android.maps
ADDED from src/main/AndroidManifest.xml:18:6-61
	android:name
		ADDED from src/main/AndroidManifest.xml:18:20-58
activity#wasn.mbank.activities.MBankActivity
ADDED from src/main/AndroidManifest.xml:20:9-27:20
	android:label
		ADDED from src/main/AndroidManifest.xml:21:19-61
	android:theme
		ADDED from src/main/AndroidManifest.xml:22:19-72
	android:name
		ADDED from src/main/AndroidManifest.xml:20:19-48
intent-filter#android.intent.action.MAIN+android.intent.category.LAUNCHER
ADDED from src/main/AndroidManifest.xml:23:13-26:29
action#android.intent.action.MAIN
ADDED from src/main/AndroidManifest.xml:24:17-69
	android:name
		ADDED from src/main/AndroidManifest.xml:24:25-66
category#android.intent.category.LAUNCHER
ADDED from src/main/AndroidManifest.xml:25:17-77
	android:name
		ADDED from src/main/AndroidManifest.xml:25:27-74
activity#wasn.mbank.activities.PrefsActivity
ADDED from src/main/AndroidManifest.xml:29:9-32:20
	android:label
		ADDED from src/main/AndroidManifest.xml:31:10-52
	android:name
		ADDED from src/main/AndroidManifest.xml:30:10-39
activity#wasn.mbank.activities.ConfigurationActivity
ADDED from src/main/AndroidManifest.xml:34:9-37:20
	android:label
		ADDED from src/main/AndroidManifest.xml:36:10-60
	android:name
		ADDED from src/main/AndroidManifest.xml:35:10-47
activity#wasn.mbank.activities.MBankAboutusActivity
ADDED from src/main/AndroidManifest.xml:39:9-58
	android:name
		ADDED from src/main/AndroidManifest.xml:39:19-55
activity#wasn.mbank.activities.MBankContactusActivity
ADDED from src/main/AndroidManifest.xml:41:9-60
	android:name
		ADDED from src/main/AndroidManifest.xml:41:19-57
activity#wasn.mbank.activities.ContactInfoActivity
ADDED from src/main/AndroidManifest.xml:42:9-57
	android:name
		ADDED from src/main/AndroidManifest.xml:42:19-54
activity#wasn.mbank.activities.ContactLocationActivity
ADDED from src/main/AndroidManifest.xml:43:9-61
	android:name
		ADDED from src/main/AndroidManifest.xml:43:19-58
activity#wasn.mbank.activities.MBankTransactionActivity
ADDED from src/main/AndroidManifest.xml:45:9-62
	android:name
		ADDED from src/main/AndroidManifest.xml:45:19-59
activity#wasn.mbank.activities.TransactionActivity
ADDED from src/main/AndroidManifest.xml:46:9-57
	android:name
		ADDED from src/main/AndroidManifest.xml:46:19-54
activity#wasn.mbank.activities.SearchActivity
ADDED from src/main/AndroidManifest.xml:47:9-52
	android:name
		ADDED from src/main/AndroidManifest.xml:47:19-49
activity#wasn.mbank.activities.SearchResultActivity
ADDED from src/main/AndroidManifest.xml:48:9-58
	android:name
		ADDED from src/main/AndroidManifest.xml:48:19-55
activity#wasn.mbank.activities.ClientDetailsActivity
ADDED from src/main/AndroidManifest.xml:50:9-54:39
	android:label
		ADDED from src/main/AndroidManifest.xml:54:10-37
	android:icon
		ADDED from src/main/AndroidManifest.xml:53:10-44
	android:theme
		ADDED from src/main/AndroidManifest.xml:52:10-52
	android:name
		ADDED from src/main/AndroidManifest.xml:51:10-47
activity#wasn.mbank.activities.TransactionDetailsActivity
ADDED from src/main/AndroidManifest.xml:56:9-60:44
	android:label
		ADDED from src/main/AndroidManifest.xml:60:10-42
	android:icon
		ADDED from src/main/AndroidManifest.xml:59:10-46
	android:theme
		ADDED from src/main/AndroidManifest.xml:58:10-52
	android:name
		ADDED from src/main/AndroidManifest.xml:57:10-52
activity#wasn.mbank.activities.SyncTransactionListActivity
ADDED from src/main/AndroidManifest.xml:62:9-64:54
	android:theme
		ADDED from src/main/AndroidManifest.xml:64:10-52
	android:name
		ADDED from src/main/AndroidManifest.xml:63:10-53
activity#wasn.mbank.activities.MBankSummaryActivity
ADDED from src/main/AndroidManifest.xml:66:9-57
	android:name
		ADDED from src/main/AndroidManifest.xml:66:19-55
activity#wasn.mbank.activities.AllTransactionListActivity
ADDED from src/main/AndroidManifest.xml:67:9-63
	android:name
		ADDED from src/main/AndroidManifest.xml:67:19-61
activity#wasn.mbank.activities.DaySummaryActivity
ADDED from src/main/AndroidManifest.xml:68:9-55
	android:name
		ADDED from src/main/AndroidManifest.xml:68:19-53
uses-permission#android.permission.INTERNET
ADDED from src/main/AndroidManifest.xml:72:5-66
	android:name
		ADDED from src/main/AndroidManifest.xml:72:22-64
uses-permission#android.permission.BLUETOOTH_ADMIN
ADDED from src/main/AndroidManifest.xml:74:5-74
	android:name
		ADDED from src/main/AndroidManifest.xml:74:22-71
uses-permission#android.permission.BLUETOOTH
ADDED from src/main/AndroidManifest.xml:75:2-65
	android:name
		ADDED from src/main/AndroidManifest.xml:75:19-62